<?xml version="1.0" encoding="UTF-8"?>
<testng-results skipped="0" failed="0" ignored="0" total="1" passed="1">
  <reporter-output>
  </reporter-output>
  <suite name="Automation Test Suite" duration-ms="961" started-at="2020-02-28T20:29:44Z" finished-at="2020-02-28T20:29:45Z">
    <groups>
      <group name="cucumber">
        <method signature="AbstractTestNGCucumberTests.feature(cucumber.api.testng.CucumberFeatureWrapper)[pri:0, instance:qa.dar.my.runner.MyRunnerTest@5f2108b5]" name="feature" class="cucumber.api.testng.AbstractTestNGCucumberTests"/>
      </group> <!-- cucumber -->
    </groups>
    <test name="PMCS Login test" duration-ms="961" started-at="2020-02-28T20:29:44Z" finished-at="2020-02-28T20:29:45Z">
      <class name="qa.dar.my.runner.MyRunnerTest">
        <test-method status="PASS" signature="setUpClass()[pri:0, instance:qa.dar.my.runner.MyRunnerTest@5f2108b5]" name="setUpClass" is-config="true" duration-ms="186" started-at="2020-02-28T20:29:44Z" finished-at="2020-02-28T20:29:45Z">
          <reporter-output>
          </reporter-output>
        </test-method> <!-- setUpClass -->
        <test-method status="PASS" signature="feature(cucumber.api.testng.CucumberFeatureWrapper)[pri:0, instance:qa.dar.my.runner.MyRunnerTest@5f2108b5]" name="feature" duration-ms="123" started-at="2020-02-28T20:29:45Z" description="Runs Cucumber Feature" data-provider="features" finished-at="2020-02-28T20:29:45Z">
          <params>
            <param index="0">
              <value>
                <![CDATA[DAR Functionality Testing]]>
              </value>
            </param>
          </params>
          <reporter-output>
          </reporter-output>
        </test-method> <!-- feature -->
        <test-method status="PASS" signature="tearDownClass()[pri:0, instance:qa.dar.my.runner.MyRunnerTest@5f2108b5]" name="tearDownClass" is-config="true" duration-ms="396" started-at="2020-02-28T20:29:45Z" finished-at="2020-02-28T20:29:45Z">
          <reporter-output>
          </reporter-output>
        </test-method> <!-- tearDownClass -->
      </class> <!-- qa.dar.my.runner.MyRunnerTest -->
    </test> <!-- PMCS Login test -->
  </suite> <!-- Automation Test Suite -->
</testng-results>
